C:\Program Files (x86)\MSBuild\Microsoft.Cpp\v4.0\V140\Microsoft.CppCommon.targets(356,5): warning MSB8015: Forcing a rebuild of all source files due to the contents of "C:\Users\student\Desktop\チーム制作\TheWorld\team000\x64\Debug\team000.tlog\CL.command.1.tlog" being invalid.
  watergun.cpp
c:\users\student\desktop\チーム制作\theworld\team000\main.h(12): fatal error C1083: include ファイルを開けません。'd3dx9.h':No such file or directory
  updown_fram.cpp
c:\users\student\desktop\チーム制作\theworld\team000\main.h(12): fatal error C1083: include ファイルを開けません。'd3dx9.h':No such file or directory
  tutorial_window.cpp
c:\users\student\desktop\チーム制作\theworld\team000\main.h(12): fatal error C1083: include ファイルを開けません。'd3dx9.h':No such file or directory
  tutorial.cpp
c:\users\student\desktop\チーム制作\theworld\team000\main.h(12): fatal error C1083: include ファイルを開けません。'd3dx9.h':No such file or directory
  titleselect.cpp
c:\users\student\desktop\チーム制作\theworld\team000\main.h(12): fatal error C1083: include ファイルを開けません。'd3dx9.h':No such file or directory
  title.cpp
c:\users\student\desktop\チーム制作\theworld\team000\main.h(12): fatal error C1083: include ファイルを開けません。'd3dx9.h':No such file or directory
  TimeCycle.cpp
c:\users\student\desktop\チーム制作\theworld\team000\main.h(12): fatal error C1083: include ファイルを開けません。'd3dx9.h':No such file or directory
  start_talk.cpp
c:\users\student\desktop\チーム制作\theworld\team000\main.h(12): fatal error C1083: include ファイルを開けません。'd3dx9.h':No such file or directory
  sound.cpp
c:\users\student\desktop\チーム制作\theworld\team000\main.h(12): fatal error C1083: include ファイルを開けません。'd3dx9.h':No such file or directory
  shadow.cpp
c:\users\student\desktop\チーム制作\theworld\team000\main.h(12): fatal error C1083: include ファイルを開けません。'd3dx9.h':No such file or directory
  serif.cpp
c:\users\student\desktop\チーム制作\theworld\team000\main.h(12): fatal error C1083: include ファイルを開けません。'd3dx9.h':No such file or directory
  search_fan.cpp
c:\users\student\desktop\チーム制作\theworld\team000\main.h(12): fatal error C1083: include ファイルを開けません。'd3dx9.h':No such file or directory
  search_circle.cpp
c:\users\student\desktop\チーム制作\theworld\team000\main.h(12): fatal error C1083: include ファイルを開けません。'd3dx9.h':No such file or directory
  score.cpp
c:\users\student\desktop\チーム制作\theworld\team000\main.h(12): fatal error C1083: include ファイルを開けません。'd3dx9.h':No such file or directory
  rotate.cpp
c:\users\student\desktop\チーム制作\theworld\team000\main.h(12): fatal error C1083: include ファイルを開けません。'd3dx9.h':No such file or directory
  resultscore.cpp
c:\users\student\desktop\チーム制作\theworld\team000\main.h(12): fatal error C1083: include ファイルを開けません。'd3dx9.h':No such file or directory
  result.cpp
c:\users\student\desktop\チーム制作\theworld\team000\main.h(12): fatal error C1083: include ファイルを開けません。'd3dx9.h':No such file or directory
  realtime_ranking.cpp
c:\users\student\desktop\チーム制作\theworld\team000\main.h(12): fatal error C1083: include ファイルを開けません。'd3dx9.h':No such file or directory
  ranking_comment.cpp
c:\users\student\desktop\チーム制作\theworld\team000\main.h(12): fatal error C1083: include ファイルを開けません。'd3dx9.h':No such file or directory
  ranking.cpp
c:\users\student\desktop\チーム制作\theworld\team000\main.h(12): fatal error C1083: include ファイルを開けません。'd3dx9.h':No such file or directory
  コードを生成中...
  コンパイル中...
  powergage.cpp
c:\users\student\desktop\チーム制作\theworld\team000\main.h(12): fatal error C1083: include ファイルを開けません。'd3dx9.h':No such file or directory
  player.cpp
c:\users\student\desktop\チーム制作\theworld\team000\main.h(12): fatal error C1083: include ファイルを開けません。'd3dx9.h':No such file or directory
  pause.cpp
c:\users\student\desktop\チーム制作\theworld\team000\main.h(12): fatal error C1083: include ファイルを開けません。'd3dx9.h':No such file or directory
  particle.cpp
c:\users\student\desktop\チーム制作\theworld\team000\main.h(12): fatal error C1083: include ファイルを開けません。'd3dx9.h':No such file or directory
  numberPeople.cpp
c:\users\student\desktop\チーム制作\theworld\team000\main.h(12): fatal error C1083: include ファイルを開けません。'd3dx9.h':No such file or directory
  nofade.cpp
c:\users\student\desktop\チーム制作\theworld\team000\main.h(12): fatal error C1083: include ファイルを開けません。'd3dx9.h':No such file or directory
  model.cpp
c:\users\student\desktop\チーム制作\theworld\team000\main.h(12): fatal error C1083: include ファイルを開けません。'd3dx9.h':No such file or directory
  mob.cpp
c:\users\student\desktop\チーム制作\theworld\team000\main.h(12): fatal error C1083: include ファイルを開けません。'd3dx9.h':No such file or directory
  minimap_icon.cpp
c:\users\student\desktop\チーム制作\theworld\team000\main.h(12): fatal error C1083: include ファイルを開けません。'd3dx9.h':No such file or directory
  minimap.cpp
c:\users\student\desktop\チーム制作\theworld\team000\main.h(12): fatal error C1083: include ファイルを開けません。'd3dx9.h':No such file or directory
  meshwall.cpp
c:\users\student\desktop\チーム制作\theworld\team000\main.h(12): fatal error C1083: include ファイルを開けません。'd3dx9.h':No such file or directory
  meshorbit.cpp
c:\users\student\desktop\チーム制作\theworld\team000\main.h(12): fatal error C1083: include ファイルを開けません。'd3dx9.h':No such file or directory
  meshfield.cpp
c:\users\student\desktop\チーム制作\theworld\team000\main.h(12): fatal error C1083: include ファイルを開けません。'd3dx9.h':No such file or directory
  meshdome.cpp
c:\users\student\desktop\チーム制作\theworld\team000\main.h(12): fatal error C1083: include ファイルを開けません。'd3dx9.h':No such file or directory
  meshcylinder.cpp
c:\users\student\desktop\チーム制作\theworld\team000\main.h(12): fatal error C1083: include ファイルを開けません。'd3dx9.h':No such file or directory
  manyUI.cpp
c:\users\student\desktop\チーム制作\theworld\team000\main.h(12): fatal error C1083: include ファイルを開けません。'd3dx9.h':No such file or directory
  manypoint.cpp
c:\users\student\desktop\チーム制作\theworld\team000\main.h(12): fatal error C1083: include ファイルを開けません。'd3dx9.h':No such file or directory
  manyMORS.cpp
c:\users\student\desktop\チーム制作\theworld\team000\main.h(12): fatal error C1083: include ファイルを開けません。'd3dx9.h':No such file or directory
  main.cpp
c:\users\student\desktop\チーム制作\theworld\team000\main.h(12): fatal error C1083: include ファイルを開けません。'd3dx9.h':No such file or directory
  light.cpp
c:\users\student\desktop\チーム制作\theworld\team000\main.h(12): fatal error C1083: include ファイルを開けません。'd3dx9.h':No such file or directory
  コードを生成中...
  コンパイル中...
  iventsign.cpp
c:\users\student\desktop\チーム制作\theworld\team000\main.h(12): fatal error C1083: include ファイルを開けません。'd3dx9.h':No such file or directory
  iventradar.cpp
c:\users\student\desktop\チーム制作\theworld\team000\main.h(12): fatal error C1083: include ファイルを開けません。'd3dx9.h':No such file or directory
  input.cpp
c:\users\student\desktop\チーム制作\theworld\team000\main.h(12): fatal error C1083: include ファイルを開けません。'd3dx9.h':No such file or directory
  impactwave.cpp
c:\users\student\desktop\チーム制作\theworld\team000\main.h(12): fatal error C1083: include ファイルを開けません。'd3dx9.h':No such file or directory
  hypnosis_gauge.cpp
c:\users\student\desktop\チーム制作\theworld\team000\main.h(12): fatal error C1083: include ファイルを開けません。'd3dx9.h':No such file or directory
  ground.cpp
c:\users\student\desktop\チーム制作\theworld\team000\main.h(12): fatal error C1083: include ファイルを開けません。'd3dx9.h':No such file or directory
  game.cpp
c:\users\student\desktop\チーム制作\theworld\team000\main.h(12): fatal error C1083: include ファイルを開けません。'd3dx9.h':No such file or directory
  fevergauge.cpp
c:\users\student\desktop\チーム制作\theworld\team000\main.h(12): fatal error C1083: include ファイルを開けません。'd3dx9.h':No such file or directory
  fade.cpp
c:\users\student\desktop\チーム制作\theworld\team000\main.h(12): fatal error C1083: include ファイルを開けません。'd3dx9.h':No such file or directory
  EventWindow.cpp
c:\users\student\desktop\チーム制作\theworld\team000\main.h(12): fatal error C1083: include ファイルを開けません。'd3dx9.h':No such file or directory
  eventstamp.cpp
c:\users\student\desktop\チーム制作\theworld\team000\main.h(12): fatal error C1083: include ファイルを開けません。'd3dx9.h':No such file or directory
  enemy.cpp
c:\users\student\desktop\チーム制作\theworld\team000\main.h(12): fatal error C1083: include ファイルを開けません。'd3dx9.h':No such file or directory
  effect.cpp
c:\users\student\desktop\チーム制作\theworld\team000\main.h(12): fatal error C1083: include ファイルを開けません。'd3dx9.h':No such file or directory
  edit.cpp
c:\users\student\desktop\チーム制作\theworld\team000\main.h(12): fatal error C1083: include ファイルを開けません。'd3dx9.h':No such file or directory
  dispatchpoint.cpp
c:\users\student\desktop\チーム制作\theworld\team000\main.h(12): fatal error C1083: include ファイルを開けません。'd3dx9.h':No such file or directory
  dispatch.cpp
c:\users\student\desktop\チーム制作\theworld\team000\main.h(12): fatal error C1083: include ファイルを開けません。'd3dx9.h':No such file or directory
  debugproc.cpp
c:\users\student\desktop\チーム制作\theworld\team000\main.h(12): fatal error C1083: include ファイルを開けません。'd3dx9.h':No such file or directory
  cutin.cpp
c:\users\student\desktop\チーム制作\theworld\team000\main.h(12): fatal error C1083: include ファイルを開けません。'd3dx9.h':No such file or directory
  cutepillow.cpp
c:\users\student\desktop\チーム制作\theworld\team000\main.h(12): fatal error C1083: include ファイルを開けません。'd3dx9.h':No such file or directory
  crowd.cpp
c:\users\student\desktop\チーム制作\theworld\team000\main.h(12): fatal error C1083: include ファイルを開けません。'd3dx9.h':No such file or directory
  コードを生成中...
  コンパイル中...
  comment.cpp
c:\users\student\desktop\チーム制作\theworld\team000\main.h(12): fatal error C1083: include ファイルを開けません。'd3dx9.h':No such file or directory
  camera.cpp
c:\users\student\desktop\チーム制作\theworld\team000\main.h(12): fatal error C1083: include ファイルを開けません。'd3dx9.h':No such file or directory
  calculation.cpp
c:\users\student\desktop\チーム制作\theworld\team000\main.h(12): fatal error C1083: include ファイルを開けません。'd3dx9.h':No such file or directory
  buddy.cpp
c:\users\student\desktop\チーム制作\theworld\team000\main.h(12): fatal error C1083: include ファイルを開けません。'd3dx9.h':No such file or directory
  2D_effect.cpp
c:\users\student\desktop\チーム制作\theworld\team000\main.h(12): fatal error C1083: include ファイルを開けません。'd3dx9.h':No such file or directory
  コードを生成中...
C:\Program Files (x86)\MSBuild\Microsoft.Cpp\v4.0\V140\Microsoft.CppCommon.targets(356,5): warning MSB8015: Forcing a rebuild of all source files due to the contents of "C:\Users\student\Desktop\チーム制作\TheWorld\team000\x64\Debug\team000.tlog\CL.command.1.tlog" being invalid.
