  tutorial.cpp
c:\users\student\desktop\hgs2022_spring\jobiland-s\jobilandsmain\player.h(21): fatal error C1083: include ファイルを開けません。'crowd.h':No such file or directory
  titleselect.cpp
c:\users\student\desktop\hgs2022_spring\jobiland-s\jobilandsmain\titleselect.cpp(14): fatal error C1083: include ファイルを開けません。'buddy.h':No such file or directory
  title.cpp
c:\users\student\desktop\hgs2022_spring\jobiland-s\jobilandsmain\player.h(21): fatal error C1083: include ファイルを開けません。'crowd.h':No such file or directory
  result.cpp
c:\users\student\desktop\hgs2022_spring\jobiland-s\jobilandsmain\player.h(21): fatal error C1083: include ファイルを開けません。'crowd.h':No such file or directory
  ranking.cpp
c:\users\student\desktop\hgs2022_spring\jobiland-s\jobilandsmain\ranking.cpp(10): fatal error C1083: include ファイルを開けません。'crowd.h':No such file or directory
  player.cpp
c:\users\student\desktop\hgs2022_spring\jobiland-s\jobilandsmain\player.h(21): fatal error C1083: include ファイルを開けません。'crowd.h':No such file or directory
  particle.cpp
c:\users\student\desktop\hgs2022_spring\jobiland-s\jobilandsmain\player.h(21): fatal error C1083: include ファイルを開けません。'crowd.h':No such file or directory
  nofade.cpp
c:\users\student\desktop\hgs2022_spring\jobiland-s\jobilandsmain\nofade.cpp(9): fatal error C1083: include ファイルを開けません。'fenish.h':No such file or directory
  model.cpp
c:\users\student\desktop\hgs2022_spring\jobiland-s\jobilandsmain\model.cpp(303): error C2664: 'void RotNormalize(float *)': 引数 1 を 'float' から 'float *' へ変換できません。
c:\users\student\desktop\hgs2022_spring\jobiland-s\jobilandsmain\model.cpp(308): error C2664: 'void RotNormalize(float *)': 引数 1 を 'float' から 'float *' へ変換できません。
  meshfield.cpp
c:\users\student\desktop\hgs2022_spring\jobiland-s\jobilandsmain\meshfield.cpp(11): fatal error C1083: include ファイルを開けません。'mapshape.h':No such file or directory
  meshdome.cpp
c:\users\student\desktop\hgs2022_spring\jobiland-s\jobilandsmain\meshdome.cpp(95): error C2664: 'void RotNormalize(float *)': 引数 1 を 'float' から 'float *' へ変換できません。
c:\users\student\desktop\hgs2022_spring\jobiland-s\jobilandsmain\meshdome.cpp(96): error C2664: 'void RotNormalize(float *)': 引数 1 を 'float' から 'float *' へ変換できません。
  main.cpp
c:\users\student\desktop\hgs2022_spring\jobiland-s\jobilandsmain\main.cpp(8): fatal error C1083: include ファイルを開けません。'resource.h':No such file or directory
  light.cpp
c:\users\student\desktop\hgs2022_spring\jobiland-s\jobilandsmain\player.h(21): fatal error C1083: include ファイルを開けません。'crowd.h':No such file or directory
  game.cpp
c:\users\student\desktop\hgs2022_spring\jobiland-s\jobilandsmain\player.h(21): fatal error C1083: include ファイルを開けません。'crowd.h':No such file or directory
  edit.cpp
c:\users\student\desktop\hgs2022_spring\jobiland-s\jobilandsmain\edit.cpp(336): error C2664: 'void RotNormalize(float *)': 引数 1 を 'float' から 'float *' へ変換できません。
  camera.cpp
c:\users\student\desktop\hgs2022_spring\jobiland-s\jobilandsmain\camera.cpp(14): fatal error C1083: include ファイルを開けません。'dispatch.h':No such file or directory
  コードを生成中...
